<?xml version="1.0" encoding="UTF-8"?>
<testsuite name="FirstTest" tests="1" skipped="0" failures="0" errors="0" timestamp="2023-02-11T19:12:45" hostname="JULIA" time="58.188">
  <properties/>
  <testcase name="Test()" classname="FirstTest" time="58.188"/>
  <system-out><![CDATA[Заголовок найден. Пункт основного меню 1
Заголовок найден. Пункт меню второго уровня 1
Заголовок найден. Пункт меню второго уровня 2
Заголовок найден. Пункт основного меню 2
Заголовок найден. Пункт меню второго уровня 1
Заголовок найден. Пункт меню второго уровня 2
Заголовок найден. Пункт меню второго уровня 3
Заголовок найден. Пункт меню второго уровня 4
Заголовок найден. Пункт меню второго уровня 5
Заголовок найден. Пункт меню второго уровня 6
Заголовок найден. Пункт меню второго уровня 7
Заголовок найден. Пункт меню второго уровня 8
Заголовок найден. Пункт меню второго уровня 9
Заголовок найден. Пункт основного меню 3
Заголовок найден. Пункт основного меню 4
Заголовок найден. Пункт основного меню 5
Заголовок найден. Пункт меню второго уровня 1
Заголовок найден. Пункт меню второго уровня 2
Заголовок найден. Пункт меню второго уровня 3
Заголовок найден. Пункт основного меню 6
Заголовок найден. Пункт основного меню 7
Заголовок найден. Пункт меню второго уровня 1
Заголовок найден. Пункт меню второго уровня 2
Заголовок найден. Пункт основного меню 8
Заголовок найден. Пункт меню второго уровня 1
Заголовок найден. Пункт меню второго уровня 2
Заголовок найден. Пункт меню второго уровня 3
Заголовок найден. Пункт меню второго уровня 4
Заголовок найден. Пункт меню второго уровня 5
Заголовок найден. Пункт меню второго уровня 6
Заголовок найден. Пункт меню второго уровня 7
Заголовок найден. Пункт основного меню 9
Заголовок найден. Пункт меню второго уровня 1
Заголовок найден. Пункт меню второго уровня 2
Заголовок найден. Пункт основного меню 10
Заголовок найден. Пункт основного меню 11
Заголовок найден. Пункт меню второго уровня 1
Заголовок найден. Пункт меню второго уровня 2
Заголовок найден. Пункт меню второго уровня 3
Заголовок найден. Пункт основного меню 12
Заголовок найден. Пункт меню второго уровня 1
Заголовок найден. Пункт меню второго уровня 2
Заголовок найден. Пункт меню второго уровня 3
Заголовок найден. Пункт меню второго уровня 4
Заголовок найден. Пункт меню второго уровня 5
Заголовок найден. Пункт меню второго уровня 6
Заголовок найден. Пункт меню второго уровня 7
Заголовок найден. Пункт меню второго уровня 8
Заголовок найден. Пункт основного меню 13
Заголовок найден. Пункт основного меню 14
Заголовок найден. Пункт меню второго уровня 1
Заголовок найден. Пункт меню второго уровня 2
Заголовок найден. Пункт основного меню 15
Заголовок найден. Пункт меню второго уровня 1
Заголовок найден. Пункт меню второго уровня 2
Заголовок найден. Пункт меню второго уровня 3
Заголовок найден. Пункт основного меню 16
Заголовок найден. Пункт основного меню 17
Заголовок найден. Пункт меню второго уровня 1
]]></system-out>
  <system-err><![CDATA[SLF4J: Failed to load class "org.slf4j.impl.StaticLoggerBinder".
SLF4J: Defaulting to no-operation (NOP) logger implementation
SLF4J: See http://www.slf4j.org/codes.html#StaticLoggerBinder for further details.
Starting ChromeDriver 109.0.5414.74 (e7c5703604daa9cc128ccf5a5d3e993513758913-refs/branch-heads/5414@{#1172}) on port 41795
Only local connections are allowed.
Please see https://chromedriver.chromium.org/security-considerations for suggestions on keeping ChromeDriver safe.
ChromeDriver was started successfully.
]]></system-err>
</testsuite>
