<?xml version="1.0" encoding="UTF-8"?>
<testsuite name="MainClass" tests="1" skipped="0" failures="0" errors="0" timestamp="2023-03-01T11:15:15" hostname="JULIA" time="69.978">
  <properties/>
  <testcase name="adminMenuTest()" classname="MainClass" time="69.978"/>
  <system-out><![CDATA[Заголовок найден. Пункт основного меню 1
Заголовок найден. Пункт меню второго уровня 1
Заголовок найден. Пункт меню второго уровня 2
Заголовок найден. Пункт основного меню 2
Заголовок найден. Пункт меню второго уровня 1
Заголовок найден. Пункт меню второго уровня 2
Заголовок найден. Пункт меню второго уровня 3
Заголовок найден. Пункт меню второго уровня 4
Заголовок найден. Пункт меню второго уровня 5
Заголовок найден. Пункт меню второго уровня 6
Заголовок найден. Пункт меню второго уровня 7
Заголовок найден. Пункт меню второго уровня 8
Заголовок найден. Пункт меню второго уровня 9
Заголовок найден. Пункт основного меню 3
Заголовок найден. Пункт основного меню 4
Заголовок найден. Пункт основного меню 5
Заголовок найден. Пункт меню второго уровня 1
Заголовок найден. Пункт меню второго уровня 2
Заголовок найден. Пункт меню второго уровня 3
Заголовок найден. Пункт основного меню 6
Заголовок найден. Пункт основного меню 7
Заголовок найден. Пункт меню второго уровня 1
Заголовок найден. Пункт меню второго уровня 2
Заголовок найден. Пункт основного меню 8
Заголовок найден. Пункт меню второго уровня 1
Заголовок найден. Пункт меню второго уровня 2
Заголовок найден. Пункт меню второго уровня 3
Заголовок найден. Пункт меню второго уровня 4
Заголовок найден. Пункт меню второго уровня 5
Заголовок найден. Пункт меню второго уровня 6
Заголовок найден. Пункт меню второго уровня 7
Заголовок найден. Пункт основного меню 9
Заголовок найден. Пункт меню второго уровня 1
Заголовок найден. Пункт меню второго уровня 2
Заголовок найден. Пункт основного меню 10
Заголовок найден. Пункт основного меню 11
Заголовок найден. Пункт меню второго уровня 1
Заголовок найден. Пункт меню второго уровня 2
Заголовок найден. Пункт меню второго уровня 3
Заголовок найден. Пункт основного меню 12
Заголовок найден. Пункт меню второго уровня 1
Заголовок найден. Пункт меню второго уровня 2
Заголовок найден. Пункт меню второго уровня 3
Заголовок найден. Пункт меню второго уровня 4
Заголовок найден. Пункт меню второго уровня 5
Заголовок найден. Пункт меню второго уровня 6
Заголовок найден. Пункт меню второго уровня 7
Заголовок найден. Пункт меню второго уровня 8
Заголовок найден. Пункт основного меню 13
Заголовок найден. Пункт основного меню 14
Заголовок найден. Пункт меню второго уровня 1
Заголовок найден. Пункт меню второго уровня 2
Заголовок найден. Пункт основного меню 15
Заголовок найден. Пункт меню второго уровня 1
Заголовок найден. Пункт меню второго уровня 2
Заголовок найден. Пункт меню второго уровня 3
Заголовок найден. Пункт основного меню 16
Заголовок найден. Пункт основного меню 17
Заголовок найден. Пункт меню второго уровня 1
]]></system-out>
  <system-err><![CDATA[SLF4J: Failed to load class "org.slf4j.impl.StaticLoggerBinder".
SLF4J: Defaulting to no-operation (NOP) logger implementation
SLF4J: See http://www.slf4j.org/codes.html#StaticLoggerBinder for further details.
Starting ChromeDriver 110.0.5481.77 (65ed616c6e8ee3fe0ad64fe83796c020644d42af-refs/branch-heads/5481@{#839}) on port 17173
Only local connections are allowed.
Please see https://chromedriver.chromium.org/security-considerations for suggestions on keeping ChromeDriver safe.
ChromeDriver was started successfully.
[1677669313.555][WARNING]: virtual void DevToolsClientImpl::AddListener(DevToolsEventListener *) subscribing a listener to the already connected DevToolsClient. Connection notification will not arrive.
мар. 01, 2023 2:15:15 PM org.openqa.selenium.devtools.CdpVersionFinder findNearestMatch
WARNING: Unable to find an exact match for CDP version 110, so returning the closest version found: 109
]]></system-err>
</testsuite>
